[2020-06-04 04:28:57] local.ERROR: Command "v" is not defined.

Did you mean one of these?
    dump-server
    env
    event:cache
    event:clear
    event:generate
    event:list
    make:event
    make:observer
    make:provider
    package:discover
    serve
    vendor:publish
    view:cache
    view:clear {"exception":"[object] (Symfony\\Component\\Console\\Exception\\CommandNotFoundException(code: 0): Command \"v\" is not defined.

Did you mean one of these?
    dump-server
    env
    event:cache
    event:clear
    event:generate
    event:list
    make:event
    make:observer
    make:provider
    package:discover
    serve
    vendor:publish
    view:cache
    view:clear at C:\\xampp\\htdocs\\ptsp_pemohon\\vendor\\symfony\\console\\Application.php:669)
[stacktrace]
#0 C:\\xampp\\htdocs\\ptsp_pemohon\\vendor\\symfony\\console\\Application.php(235): Symfony\\Component\\Console\\Application->find('v')
#1 C:\\xampp\\htdocs\\ptsp_pemohon\\vendor\\symfony\\console\\Application.php(147): Symfony\\Component\\Console\\Application->doRun(Object(Symfony\\Component\\Console\\Input\\ArgvInput), Object(Symfony\\Component\\Console\\Output\\ConsoleOutput))
#2 C:\\xampp\\htdocs\\ptsp_pemohon\\vendor\\laravel\\framework\\src\\Illuminate\\Console\\Application.php(90): Symfony\\Component\\Console\\Application->run(Object(Symfony\\Component\\Console\\Input\\ArgvInput), Object(Symfony\\Component\\Console\\Output\\ConsoleOutput))
#3 C:\\xampp\\htdocs\\ptsp_pemohon\\vendor\\laravel\\framework\\src\\Illuminate\\Foundation\\Console\\Kernel.php(133): Illuminate\\Console\\Application->run(Object(Symfony\\Component\\Console\\Input\\ArgvInput), Object(Symfony\\Component\\Console\\Output\\ConsoleOutput))
#4 C:\\xampp\\htdocs\\ptsp_pemohon\\artisan(37): Illuminate\\Foundation\\Console\\Kernel->handle(Object(Symfony\\Component\\Console\\Input\\ArgvInput), Object(Symfony\\Component\\Console\\Output\\ConsoleOutput))
#5 {main}
"} 
